mode: set
bitbucket.org/tekion/tdealer/dealerService/dealerHandler.go:36.57,50.16 6 1
bitbucket.org/tekion/tdealer/dealerService/dealerHandler.go:55.2,55.68 1 1
bitbucket.org/tekion/tdealer/dealerService/dealerHandler.go:50.16,53.3 2 1
bitbucket.org/tekion/tdealer/dealerService/dealerHandler.go:65.65,68.32 3 1
bitbucket.org/tekion/tdealer/dealerService/dealerHandler.go:73.2,82.16 5 1
bitbucket.org/tekion/tdealer/dealerService/dealerHandler.go:87.2,87.76 1 1
bitbucket.org/tekion/tdealer/dealerService/dealerHandler.go:68.32,71.3 2 1
bitbucket.org/tekion/tdealer/dealerService/dealerHandler.go:82.16,85.3 2 1
bitbucket.org/tekion/tdealer/dealerService/dealerHandler.go:97.66,108.16 6 1
bitbucket.org/tekion/tdealer/dealerService/dealerHandler.go:113.2,114.31 2 1
bitbucket.org/tekion/tdealer/dealerService/dealerHandler.go:117.2,117.64 1 1
bitbucket.org/tekion/tdealer/dealerService/dealerHandler.go:108.16,111.3 2 1
bitbucket.org/tekion/tdealer/dealerService/dealerHandler.go:114.31,116.3 1 1
bitbucket.org/tekion/tdealer/dealerService/dealerHandler.go:127.58,130.25 3 1
bitbucket.org/tekion/tdealer/dealerService/dealerHandler.go:135.2,144.16 5 1
bitbucket.org/tekion/tdealer/dealerService/dealerHandler.go:149.2,149.69 1 1
bitbucket.org/tekion/tdealer/dealerService/dealerHandler.go:130.25,133.3 2 1
bitbucket.org/tekion/tdealer/dealerService/dealerHandler.go:144.16,147.3 2 1
bitbucket.org/tekion/tdealer/dealerService/dealerHandler.go:159.59,170.16 6 1
bitbucket.org/tekion/tdealer/dealerService/dealerHandler.go:175.2,176.24 2 1
bitbucket.org/tekion/tdealer/dealerService/dealerHandler.go:179.2,179.57 1 1
bitbucket.org/tekion/tdealer/dealerService/dealerHandler.go:170.16,173.3 2 1
bitbucket.org/tekion/tdealer/dealerService/dealerHandler.go:176.24,178.3 1 1
bitbucket.org/tekion/tdealer/dealerService/dealerHandler.go:189.55,192.22 3 1
bitbucket.org/tekion/tdealer/dealerService/dealerHandler.go:197.2,206.16 5 1
bitbucket.org/tekion/tdealer/dealerService/dealerHandler.go:211.2,211.72 1 1
bitbucket.org/tekion/tdealer/dealerService/dealerHandler.go:192.22,195.3 2 1
bitbucket.org/tekion/tdealer/dealerService/dealerHandler.go:206.16,209.3 2 1
bitbucket.org/tekion/tdealer/dealerService/dealerHandler.go:221.56,233.16 6 1
bitbucket.org/tekion/tdealer/dealerService/dealerHandler.go:238.2,239.21 2 1
bitbucket.org/tekion/tdealer/dealerService/dealerHandler.go:242.2,242.54 1 1
bitbucket.org/tekion/tdealer/dealerService/dealerHandler.go:233.16,236.3 2 1
bitbucket.org/tekion/tdealer/dealerService/dealerHandler.go:239.21,241.3 1 1
bitbucket.org/tekion/tdealer/dealerService/dealerHandler.go:252.57,264.16 6 1
bitbucket.org/tekion/tdealer/dealerService/dealerHandler.go:269.2,270.22 2 1
bitbucket.org/tekion/tdealer/dealerService/dealerHandler.go:273.2,273.55 1 1
bitbucket.org/tekion/tdealer/dealerService/dealerHandler.go:264.16,267.3 2 1
bitbucket.org/tekion/tdealer/dealerService/dealerHandler.go:270.22,272.3 1 1
bitbucket.org/tekion/tdealer/dealerService/dealerModel.go:19.39,21.2 1 1
bitbucket.org/tekion/tdealer/dealerService/dealerModel.go:24.47,26.2 1 1
bitbucket.org/tekion/tdealer/dealerService/dealerModel.go:29.46,31.2 1 1
bitbucket.org/tekion/tdealer/dealerService/dealerModel.go:34.43,36.2 1 1
bitbucket.org/tekion/tdealer/dealerService/dealerModel.go:39.44,41.2 1 1
bitbucket.org/tekion/tdealer/dealerService/dealerModel.go:44.27,46.2 1 1
bitbucket.org/tekion/tdealer/dealerService/dealerRoutes.go:12.14,88.2 10 0
bitbucket.org/tekion/tdealer/dealerService/dealerUtil.go:17.55,20.31 3 1
bitbucket.org/tekion/tdealer/dealerService/dealerUtil.go:23.2,23.12 1 1
bitbucket.org/tekion/tdealer/dealerService/dealerUtil.go:20.31,22.3 1 1
bitbucket.org/tekion/tdealer/dealerService/dealerUtil.go:28.45,30.27 2 1
bitbucket.org/tekion/tdealer/dealerService/dealerUtil.go:33.2,33.17 1 1
bitbucket.org/tekion/tdealer/dealerService/dealerUtil.go:30.27,32.3 1 1
bitbucket.org/tekion/tdealer/dealerService/dealerUtil.go:39.123,42.16 3 1
bitbucket.org/tekion/tdealer/dealerService/dealerUtil.go:47.2,50.16 3 1
bitbucket.org/tekion/tdealer/dealerService/dealerUtil.go:54.2,54.12 1 1
bitbucket.org/tekion/tdealer/dealerService/dealerUtil.go:42.16,44.3 1 1
bitbucket.org/tekion/tdealer/dealerService/dealerUtil.go:50.16,53.3 2 1
bitbucket.org/tekion/tdealer/dealerService/dealerUtil.go:59.112,61.16 2 1
bitbucket.org/tekion/tdealer/dealerService/dealerUtil.go:66.2,69.16 3 1
bitbucket.org/tekion/tdealer/dealerService/dealerUtil.go:73.2,73.12 1 1
bitbucket.org/tekion/tdealer/dealerService/dealerUtil.go:61.16,64.3 2 1
bitbucket.org/tekion/tdealer/dealerService/dealerUtil.go:69.16,72.3 2 0
bitbucket.org/tekion/tdealer/dealerService/dealerUtil.go:78.116,80.16 2 1
bitbucket.org/tekion/tdealer/dealerService/dealerUtil.go:85.2,88.16 3 1
bitbucket.org/tekion/tdealer/dealerService/dealerUtil.go:92.2,92.12 1 1
bitbucket.org/tekion/tdealer/dealerService/dealerUtil.go:80.16,83.3 2 1
bitbucket.org/tekion/tdealer/dealerService/dealerUtil.go:88.16,91.3 2 0
bitbucket.org/tekion/tdealer/dealerService/dealerUtil.go:97.118,99.16 2 1
bitbucket.org/tekion/tdealer/dealerService/dealerUtil.go:104.2,107.16 3 1
bitbucket.org/tekion/tdealer/dealerService/dealerUtil.go:111.2,111.12 1 1
bitbucket.org/tekion/tdealer/dealerService/dealerUtil.go:99.16,102.3 2 1
bitbucket.org/tekion/tdealer/dealerService/dealerUtil.go:107.16,110.3 2 0
bitbucket.org/tekion/tdealer/dealerService/dealerUtil.go:116.110,118.16 2 1
bitbucket.org/tekion/tdealer/dealerService/dealerUtil.go:123.2,126.16 3 1
bitbucket.org/tekion/tdealer/dealerService/dealerUtil.go:130.2,130.12 1 1
bitbucket.org/tekion/tdealer/dealerService/dealerUtil.go:118.16,121.3 2 1
bitbucket.org/tekion/tdealer/dealerService/dealerUtil.go:126.16,129.3 2 0
