mode: set
bitbucket.org/tekion/tdealer/dealerService/dealerModel.go:21.39,23.2 1 1
bitbucket.org/tekion/tdealer/dealerService/dealerModel.go:26.47,28.2 1 1
bitbucket.org/tekion/tdealer/dealerService/dealerModel.go:31.46,33.2 1 1
bitbucket.org/tekion/tdealer/dealerService/dealerModel.go:36.43,38.2 1 1
bitbucket.org/tekion/tdealer/dealerService/dealerModel.go:41.44,43.2 1 1
bitbucket.org/tekion/tdealer/dealerService/dealerModel.go:46.27,48.2 1 1
bitbucket.org/tekion/tdealer/dealerService/dealerRoutes.go:39.14,115.2 10 0
bitbucket.org/tekion/tdealer/dealerService/dealerUtil.go:17.55,20.31 3 1
bitbucket.org/tekion/tdealer/dealerService/dealerUtil.go:23.2,23.12 1 1
bitbucket.org/tekion/tdealer/dealerService/dealerUtil.go:20.31,22.3 1 1
bitbucket.org/tekion/tdealer/dealerService/dealerUtil.go:28.45,30.27 2 1
bitbucket.org/tekion/tdealer/dealerService/dealerUtil.go:33.2,33.17 1 1
bitbucket.org/tekion/tdealer/dealerService/dealerUtil.go:30.27,32.3 1 1
bitbucket.org/tekion/tdealer/dealerService/dealerUtil.go:39.123,42.16 3 1
bitbucket.org/tekion/tdealer/dealerService/dealerUtil.go:47.2,50.16 3 1
bitbucket.org/tekion/tdealer/dealerService/dealerUtil.go:54.2,54.12 1 1
bitbucket.org/tekion/tdealer/dealerService/dealerUtil.go:42.16,44.3 1 1
bitbucket.org/tekion/tdealer/dealerService/dealerUtil.go:50.16,53.3 2 1
bitbucket.org/tekion/tdealer/dealerService/dealerUtil.go:59.112,61.16 2 1
bitbucket.org/tekion/tdealer/dealerService/dealerUtil.go:66.2,69.16 3 1
bitbucket.org/tekion/tdealer/dealerService/dealerUtil.go:73.2,73.12 1 1
bitbucket.org/tekion/tdealer/dealerService/dealerUtil.go:61.16,64.3 2 1
bitbucket.org/tekion/tdealer/dealerService/dealerUtil.go:69.16,72.3 2 0
bitbucket.org/tekion/tdealer/dealerService/dealerUtil.go:78.116,80.16 2 1
bitbucket.org/tekion/tdealer/dealerService/dealerUtil.go:85.2,88.16 3 1
bitbucket.org/tekion/tdealer/dealerService/dealerUtil.go:92.2,92.12 1 1
bitbucket.org/tekion/tdealer/dealerService/dealerUtil.go:80.16,83.3 2 1
bitbucket.org/tekion/tdealer/dealerService/dealerUtil.go:88.16,91.3 2 0
bitbucket.org/tekion/tdealer/dealerService/dealerUtil.go:97.118,99.16 2 1
bitbucket.org/tekion/tdealer/dealerService/dealerUtil.go:104.2,107.16 3 1
bitbucket.org/tekion/tdealer/dealerService/dealerUtil.go:111.2,111.12 1 1
bitbucket.org/tekion/tdealer/dealerService/dealerUtil.go:99.16,102.3 2 1
bitbucket.org/tekion/tdealer/dealerService/dealerUtil.go:107.16,110.3 2 0
bitbucket.org/tekion/tdealer/dealerService/dealerUtil.go:116.110,118.16 2 1
bitbucket.org/tekion/tdealer/dealerService/dealerUtil.go:123.2,126.16 3 1
bitbucket.org/tekion/tdealer/dealerService/dealerUtil.go:130.2,130.12 1 1
bitbucket.org/tekion/tdealer/dealerService/dealerUtil.go:118.16,121.3 2 1
bitbucket.org/tekion/tdealer/dealerService/dealerUtil.go:126.16,129.3 2 0
bitbucket.org/tekion/tdealer/dealerService/dealerHandler.go:67.57,81.28 6 1
bitbucket.org/tekion/tdealer/dealerService/dealerHandler.go:89.2,89.68 1 1
bitbucket.org/tekion/tdealer/dealerService/dealerHandler.go:81.28,84.3 2 1
bitbucket.org/tekion/tdealer/dealerService/dealerHandler.go:84.3,84.23 1 1
bitbucket.org/tekion/tdealer/dealerService/dealerHandler.go:84.23,87.3 2 1
bitbucket.org/tekion/tdealer/dealerService/dealerHandler.go:142.65,145.32 3 1
bitbucket.org/tekion/tdealer/dealerService/dealerHandler.go:150.2,159.28 5 1
bitbucket.org/tekion/tdealer/dealerService/dealerHandler.go:167.2,167.64 1 1
bitbucket.org/tekion/tdealer/dealerService/dealerHandler.go:145.32,148.3 2 1
bitbucket.org/tekion/tdealer/dealerService/dealerHandler.go:159.28,162.3 2 1
bitbucket.org/tekion/tdealer/dealerService/dealerHandler.go:162.3,162.23 1 1
bitbucket.org/tekion/tdealer/dealerService/dealerHandler.go:162.23,165.3 2 1
bitbucket.org/tekion/tdealer/dealerService/dealerHandler.go:217.66,228.16 6 1
bitbucket.org/tekion/tdealer/dealerService/dealerHandler.go:233.2,233.31 1 1
bitbucket.org/tekion/tdealer/dealerService/dealerHandler.go:237.2,237.77 1 1
bitbucket.org/tekion/tdealer/dealerService/dealerHandler.go:228.16,231.3 2 1
bitbucket.org/tekion/tdealer/dealerService/dealerHandler.go:233.31,236.3 2 1
bitbucket.org/tekion/tdealer/dealerService/dealerHandler.go:290.64,293.25 3 1
bitbucket.org/tekion/tdealer/dealerService/dealerHandler.go:298.2,307.28 5 1
bitbucket.org/tekion/tdealer/dealerService/dealerHandler.go:315.2,315.69 1 1
bitbucket.org/tekion/tdealer/dealerService/dealerHandler.go:293.25,296.3 2 1
bitbucket.org/tekion/tdealer/dealerService/dealerHandler.go:307.28,310.3 2 1
bitbucket.org/tekion/tdealer/dealerService/dealerHandler.go:310.3,310.23 1 1
bitbucket.org/tekion/tdealer/dealerService/dealerHandler.go:310.23,313.3 2 1
bitbucket.org/tekion/tdealer/dealerService/dealerHandler.go:365.65,376.16 6 1
bitbucket.org/tekion/tdealer/dealerService/dealerHandler.go:381.2,381.24 1 1
bitbucket.org/tekion/tdealer/dealerService/dealerHandler.go:385.2,385.70 1 1
bitbucket.org/tekion/tdealer/dealerService/dealerHandler.go:376.16,379.3 2 1
bitbucket.org/tekion/tdealer/dealerService/dealerHandler.go:381.24,384.3 2 1
bitbucket.org/tekion/tdealer/dealerService/dealerHandler.go:438.61,441.22 3 1
bitbucket.org/tekion/tdealer/dealerService/dealerHandler.go:446.2,455.28 5 1
bitbucket.org/tekion/tdealer/dealerService/dealerHandler.go:463.2,463.66 1 1
bitbucket.org/tekion/tdealer/dealerService/dealerHandler.go:441.22,444.3 2 1
bitbucket.org/tekion/tdealer/dealerService/dealerHandler.go:455.28,458.3 2 1
bitbucket.org/tekion/tdealer/dealerService/dealerHandler.go:458.3,458.23 1 1
bitbucket.org/tekion/tdealer/dealerService/dealerHandler.go:458.23,461.3 2 1
bitbucket.org/tekion/tdealer/dealerService/dealerHandler.go:513.62,525.16 6 1
bitbucket.org/tekion/tdealer/dealerService/dealerHandler.go:530.2,530.21 1 1
bitbucket.org/tekion/tdealer/dealerService/dealerHandler.go:534.2,534.67 1 1
bitbucket.org/tekion/tdealer/dealerService/dealerHandler.go:525.16,528.3 2 1
bitbucket.org/tekion/tdealer/dealerService/dealerHandler.go:530.21,533.3 2 1
bitbucket.org/tekion/tdealer/dealerService/dealerHandler.go:584.63,596.16 6 1
bitbucket.org/tekion/tdealer/dealerService/dealerHandler.go:601.2,601.22 1 1
bitbucket.org/tekion/tdealer/dealerService/dealerHandler.go:605.2,605.68 1 1
bitbucket.org/tekion/tdealer/dealerService/dealerHandler.go:596.16,599.3 2 1
bitbucket.org/tekion/tdealer/dealerService/dealerHandler.go:601.22,604.3 2 1
